<?xml version="1.0" encoding="UTF-8"?>
<testsuite xmlns:xsi="http://www.w3.org/2001/XMLSchema-instance" xsi:noNamespaceSchemaLocation="https://maven.apache.org/surefire/maven-surefire-plugin/xsd/surefire-test-report.xsd" version="3.0.2" name="com.skillswap.Gr041Bt362226AApplicationTests" time="2.524" tests="1" errors="0" skipped="0" failures="0" flakes="0">
  <properties>
[...]
</properties>
  <testcase name="contextLoads" classname="com.skillswap.Gr041Bt362226AApplicationTests" time="0.005">
    <system-out><![CDATA[18:06:24.991 [main] INFO org.springframework.test.context.support.AnnotationConfigContextLoaderUtils -- Could not detect default configuration classes for test class [com.skillswap.Gr041Bt362226AApplicationTests]: Gr041Bt362226AApplicationTests does not declare any static, non-private, non-final, nested classes annotated with @Configuration.
18:06:25.061 [main] INFO org.springframework.boot.test.context.SpringBootTestContextBootstrapper -- Found @SpringBootConfiguration com.skillswap.SkillSwapApplication for test class com.skillswap.Gr041Bt362226AApplicationTests
18:06:25.110 [main] INFO org.springframework.test.context.support.AnnotationConfigContextLoaderUtils -- Could not detect default configuration classes for test class [com.skillswap.Gr041Bt362226AApplicationTests]: Gr041Bt362226AApplicationTests does not declare any static, non-private, non-final, nested classes annotated with @Configuration.
18:06:25.111 [main] INFO org.springframework.boot.test.context.SpringBootTestContextBootstrapper -- Found @SpringBootConfiguration com.skillswap.SkillSwapApplication for test class com.skillswap.Gr041Bt362226AApplicationTests

  .   ____          _            __ _ _
 /\\ / ___'_ __ _ _(_)_ __  __ _ \ \ \ \
( ( )\___ | '_ | '_| | '_ \/ _` | \ \ \ \
 \\/  ___)| |_)| | | | | || (_| |  ) ) ) )
  '  |____| .__|_| |_|_| |_\__, | / / / /
 =========|_|==============|___/=/_/_/_/

 :: Spring Boot ::                (v4.0.5)

2026-05-06T18:06:25.286-05:00  INFO 33585 --- [           main] c.s.Gr041Bt362226AApplicationTests       : Starting Gr041Bt362226AApplicationTests using Java 21.0.11 with PID 33585 (started by abdu in /home/abdu/IdeaProjects/GR04_1BT3_622_26A)
2026-05-06T18:06:25.287-05:00  INFO 33585 --- [           main] c.s.Gr041Bt362226AApplicationTests       : The following 1 profile is active: "test"
2026-05-06T18:06:25.583-05:00  INFO 33585 --- [           main] .s.d.r.c.RepositoryConfigurationDelegate : Bootstrapping Spring Data JPA repositories in DEFAULT mode.
2026-05-06T18:06:25.620-05:00  INFO 33585 --- [           main] .s.d.r.c.RepositoryConfigurationDelegate : Finished Spring Data repository scanning in 32 ms. Found 6 JPA repository interfaces.
2026-05-06T18:06:25.801-05:00  INFO 33585 --- [           main] org.hibernate.orm.jpa                    : HHH008540: Processing PersistenceUnitInfo [name: default]
2026-05-06T18:06:25.828-05:00  INFO 33585 --- [           main] org.hibernate.orm.core                   : HHH000001: Hibernate ORM core version 7.2.7.Final
2026-05-06T18:06:25.965-05:00  INFO 33585 --- [           main] o.s.o.j.p.SpringPersistenceUnitInfo      : No LoadTimeWeaver setup: ignoring JPA class transformer
2026-05-06T18:06:25.980-05:00  INFO 33585 --- [           main] com.zaxxer.hikari.HikariDataSource       : HikariPool-1 - Starting...
2026-05-06T18:06:26.059-05:00  INFO 33585 --- [           main] com.zaxxer.hikari.pool.HikariPool        : HikariPool-1 - Added connection conn0: url=jdbc:h2:mem:skillswap_test user=SA
2026-05-06T18:06:26.060-05:00  INFO 33585 --- [           main] com.zaxxer.hikari.HikariDataSource       : HikariPool-1 - Start completed.
2026-05-06T18:06:26.070-05:00  WARN 33585 --- [           main] org.hibernate.orm.deprecation            : HHH90000025: H2Dialect does not need to be specified explicitly using 'hibernate.dialect' (remove the property setting and it will be selected by default)
2026-05-06T18:06:26.079-05:00  INFO 33585 --- [           main] org.hibernate.orm.connections.pooling    : HHH10001005: Database info:
	Database JDBC URL [jdbc:h2:mem:skillswap_test]
	Database driver: H2 JDBC Driver
	Database dialect: H2Dialect
	Database version: 2.4.240
	Default catalog/schema: SKILLSWAP_TEST/PUBLIC
	Autocommit mode: undefined/unknown
	Isolation level: READ_COMMITTED [default READ_COMMITTED]
	JDBC fetch size: 100
	Pool: DataSourceConnectionProvider
	Minimum pool size: undefined/unknown
	Maximum pool size: undefined/unknown
2026-05-06T18:06:26.154-05:00  WARN 33585 --- [           main] org.hibernate.orm.deprecation            : HHH90000033: Encountered use of deprecated annotation [interface jakarta.persistence.Temporal] at com.skillswap.model.Notificacion.fechaPropuesta.
2026-05-06T18:06:26.167-05:00  WARN 33585 --- [           main] org.hibernate.orm.deprecation            : HHH90000033: Encountered use of deprecated annotation [interface jakarta.persistence.Temporal] at com.skillswap.model.Sesion.fecha.
2026-05-06T18:06:26.507-05:00  INFO 33585 --- [           main] org.hibernate.orm.core                   : HHH000489: No JTA platform available (set 'hibernate.transaction.jta.platform' to enable JTA platform integration)
2026-05-06T18:06:26.541-05:00  INFO 33585 --- [           main] j.LocalContainerEntityManagerFactoryBean : Initialized JPA EntityManagerFactory for persistence unit 'default'
2026-05-06T18:06:26.580-05:00  INFO 33585 --- [           main] o.s.d.j.r.query.QueryEnhancerFactories   : Hibernate is in classpath; If applicable, HQL parser will be used.
2026-05-06T18:06:26.882-05:00  WARN 33585 --- [           main] JpaBaseConfiguration$JpaWebConfiguration : spring.jpa.open-in-view is enabled by default. Therefore, database queries may be performed during view rendering. Explicitly configure spring.jpa.open-in-view to disable this warning
2026-05-06T18:06:27.140-05:00  INFO 33585 --- [           main] c.s.Gr041Bt362226AApplicationTests       : Started Gr041Bt362226AApplicationTests in 2.002 seconds (process running for 3.52)
]]></system-out>
  </testcase>
</testsuite>